2015-04-28 19:40:02.063  INFO 2153 --- [com.example.App.main()] com.example.App                          : Starting App with PID 2153 (/mnt/nfs/miniPrj/bin/uploader/target/classes started by fh502 in /mnt/nfs/miniPrj/bin/uploader)
2015-04-28 19:40:02.139  INFO 2153 --- [com.example.App.main()] ationConfigEmbeddedWebApplicationContext : Refreshing org.springframework.boot.context.embedded.AnnotationConfigEmbeddedWebApplicationContext@5693c350: startup date [Tue Apr 28 19:40:02 JST 2015]; root of context hierarchy
2015-04-28 19:40:02.971  INFO 2153 --- [com.example.App.main()] o.s.b.f.s.DefaultListableBeanFactory     : Overriding bean definition for bean 'beanNameViewResolver': replacing [Root bean: class [null]; scope=; abstract=false; lazyInit=false; autowireMode=3; dependencyCheck=0; autowireCandidate=true; primary=false; factoryBeanName=org.springframework.boot.autoconfigure.web.ErrorMvcAutoConfiguration$WhitelabelErrorViewConfiguration; factoryMethodName=beanNameViewResolver; initMethodName=null; destroyMethodName=(inferred); defined in class path resource [org/springframework/boot/autoconfigure/web/ErrorMvcAutoConfiguration$WhitelabelErrorViewConfiguration.class]] with [Root bean: class [null]; scope=; abstract=false; lazyInit=false; autowireMode=3; dependencyCheck=0; autowireCandidate=true; primary=false; factoryBeanName=org.springframework.boot.autoconfigure.web.WebMvcAutoConfiguration$WebMvcAutoConfigurationAdapter; factoryMethodName=beanNameViewResolver; initMethodName=null; destroyMethodName=(inferred); defined in class path resource [org/springframework/boot/autoconfigure/web/WebMvcAutoConfiguration$WebMvcAutoConfigurationAdapter.class]]
2015-04-28 19:40:04.037  INFO 2153 --- [com.example.App.main()] s.b.c.e.t.TomcatEmbeddedServletContainer : Tomcat initialized with port(s): 8080 (http)
2015-04-28 19:40:04.427  INFO 2153 --- [com.example.App.main()] o.apache.catalina.core.StandardService   : Starting service Tomcat
2015-04-28 19:40:04.428  INFO 2153 --- [com.example.App.main()] org.apache.catalina.core.StandardEngine  : Starting Servlet Engine: Apache Tomcat/8.0.20
2015-04-28 19:40:04.579  INFO 2153 --- [localhost-startStop-1] o.a.c.c.C.[Tomcat].[localhost].[/]       : Initializing Spring embedded WebApplicationContext
2015-04-28 19:40:04.580  INFO 2153 --- [localhost-startStop-1] o.s.web.context.ContextLoader            : Root WebApplicationContext: initialization completed in 2448 ms
2015-04-28 19:40:05.455  INFO 2153 --- [localhost-startStop-1] o.s.b.c.e.ServletRegistrationBean        : Mapping servlet: 'dispatcherServlet' to [/]
2015-04-28 19:40:05.462  INFO 2153 --- [localhost-startStop-1] o.s.b.c.embedded.FilterRegistrationBean  : Mapping filter: 'characterEncodingFilter' to: [/*]
2015-04-28 19:40:05.465  INFO 2153 --- [localhost-startStop-1] o.s.b.c.embedded.FilterRegistrationBean  : Mapping filter: 'hiddenHttpMethodFilter' to: [/*]
2015-04-28 19:40:56.513  INFO 2153 --- [localhost-startStop-1] o.a.c.util.SessionIdGeneratorBase        : Creation of SecureRandom instance for session ID generation using [SHA1PRNG] took [50,881] milliseconds.
2015-04-28 19:40:56.880  INFO 2153 --- [com.example.App.main()] s.w.s.m.m.a.RequestMappingHandlerAdapter : Looking for @ControllerAdvice: org.springframework.boot.context.embedded.AnnotationConfigEmbeddedWebApplicationContext@5693c350: startup date [Tue Apr 28 19:40:02 JST 2015]; root of context hierarchy
2015-04-28 19:40:56.971  INFO 2153 --- [com.example.App.main()] s.w.s.m.m.a.RequestMappingHandlerMapping : Mapped "{[/upload],methods=[POST],params=[],headers=[],consumes=[],produces=[],custom=[]}" onto public java.lang.String com.example.FileUploadController.handleFileUpload(java.lang.String,java.lang.String,java.lang.String,org.springframework.web.multipart.MultipartFile)
2015-04-28 19:40:56.974  INFO 2153 --- [com.example.App.main()] s.w.s.m.m.a.RequestMappingHandlerMapping : Mapped "{[/upload],methods=[GET],params=[],headers=[],consumes=[],produces=[],custom=[]}" onto public java.lang.String com.example.FileUploadController.provideUploadInfo()
2015-04-28 19:40:56.975  INFO 2153 --- [com.example.App.main()] s.w.s.m.m.a.RequestMappingHandlerMapping : Mapped "{[/error],methods=[],params=[],headers=[],consumes=[],produces=[text/html],custom=[]}" onto public org.springframework.web.servlet.ModelAndView org.springframework.boot.autoconfigure.web.BasicErrorController.errorHtml(javax.servlet.http.HttpServletRequest)
2015-04-28 19:40:56.985  INFO 2153 --- [com.example.App.main()] s.w.s.m.m.a.RequestMappingHandlerMapping : Mapped "{[/error],methods=[],params=[],headers=[],consumes=[],produces=[],custom=[]}" onto public org.springframework.http.ResponseEntity<java.util.Map<java.lang.String, java.lang.Object>> org.springframework.boot.autoconfigure.web.BasicErrorController.error(javax.servlet.http.HttpServletRequest)
2015-04-28 19:40:56.992  INFO 2153 --- [com.example.App.main()] o.s.w.s.c.a.WebMvcConfigurerAdapter      : Adding welcome page: file:/mnt/nfs/miniPrj/bin/uploader/src/main/resources/static/index.html
2015-04-28 19:40:57.004  INFO 2153 --- [com.example.App.main()] o.s.w.s.handler.SimpleUrlHandlerMapping  : Root mapping to handler of type [class org.springframework.web.servlet.mvc.ParameterizableViewController]
2015-04-28 19:40:57.023  INFO 2153 --- [com.example.App.main()] o.s.w.s.handler.SimpleUrlHandlerMapping  : Mapped URL path [/webjars/**] onto handler of type [class org.springframework.web.servlet.resource.ResourceHttpRequestHandler]
2015-04-28 19:40:57.033  INFO 2153 --- [com.example.App.main()] o.s.w.s.handler.SimpleUrlHandlerMapping  : Mapped URL path [/**] onto handler of type [class org.springframework.web.servlet.resource.ResourceHttpRequestHandler]
2015-04-28 19:40:57.103  INFO 2153 --- [com.example.App.main()] o.s.w.s.handler.SimpleUrlHandlerMapping  : Mapped URL path [/**/favicon.ico] onto handler of type [class org.springframework.web.servlet.resource.ResourceHttpRequestHandler]
2015-04-28 19:40:57.207  INFO 2153 --- [com.example.App.main()] o.s.j.e.a.AnnotationMBeanExporter        : Registering beans for JMX exposure on startup
2015-04-28 19:40:57.294  INFO 2153 --- [com.example.App.main()] s.b.c.e.t.TomcatEmbeddedServletContainer : Tomcat started on port(s): 8080 (http)
2015-04-28 19:40:57.297  INFO 2153 --- [com.example.App.main()] com.example.App                          : Started App in 55.765 seconds (JVM running for 60.524)
2015-04-28 19:41:53.980  INFO 2153 --- [http-nio-8080-exec-1] o.a.c.c.C.[Tomcat].[localhost].[/]       : Initializing Spring FrameworkServlet 'dispatcherServlet'
2015-04-28 19:41:53.981  INFO 2153 --- [http-nio-8080-exec-1] o.s.web.servlet.DispatcherServlet        : FrameworkServlet 'dispatcherServlet': initialization started
2015-04-28 19:41:54.006  INFO 2153 --- [http-nio-8080-exec-1] o.s.web.servlet.DispatcherServlet        : FrameworkServlet 'dispatcherServlet': initialization completed in 25 ms
2015-04-28 19:42:16.645  INFO 2153 --- [Thread-1] ationConfigEmbeddedWebApplicationContext : Closing org.springframework.boot.context.embedded.AnnotationConfigEmbeddedWebApplicationContext@5693c350: startup date [Tue Apr 28 19:40:02 JST 2015]; root of context hierarchy
2015-04-28 19:42:16.653  INFO 2153 --- [Thread-1] o.s.j.e.a.AnnotationMBeanExporter        : Unregistering JMX-exposed beans on shutdown
2015-04-28 19:47:38.417  INFO 2404 --- [com.example.App.main()] com.example.App                          : Starting App with PID 2404 (/mnt/nfs/miniPrj/bin/uploader/target/classes started by fh502 in /mnt/nfs/miniPrj/bin/uploader)
2015-04-28 19:47:38.490  INFO 2404 --- [com.example.App.main()] ationConfigEmbeddedWebApplicationContext : Refreshing org.springframework.boot.context.embedded.AnnotationConfigEmbeddedWebApplicationContext@63ce14e7: startup date [Tue Apr 28 19:47:38 JST 2015]; root of context hierarchy
2015-04-28 19:47:39.247  INFO 2404 --- [com.example.App.main()] o.s.b.f.s.DefaultListableBeanFactory     : Overriding bean definition for bean 'beanNameViewResolver': replacing [Root bean: class [null]; scope=; abstract=false; lazyInit=false; autowireMode=3; dependencyCheck=0; autowireCandidate=true; primary=false; factoryBeanName=org.springframework.boot.autoconfigure.web.ErrorMvcAutoConfiguration$WhitelabelErrorViewConfiguration; factoryMethodName=beanNameViewResolver; initMethodName=null; destroyMethodName=(inferred); defined in class path resource [org/springframework/boot/autoconfigure/web/ErrorMvcAutoConfiguration$WhitelabelErrorViewConfiguration.class]] with [Root bean: class [null]; scope=; abstract=false; lazyInit=false; autowireMode=3; dependencyCheck=0; autowireCandidate=true; primary=false; factoryBeanName=org.springframework.boot.autoconfigure.web.WebMvcAutoConfiguration$WebMvcAutoConfigurationAdapter; factoryMethodName=beanNameViewResolver; initMethodName=null; destroyMethodName=(inferred); defined in class path resource [org/springframework/boot/autoconfigure/web/WebMvcAutoConfiguration$WebMvcAutoConfigurationAdapter.class]]
2015-04-28 19:47:40.350  INFO 2404 --- [com.example.App.main()] s.b.c.e.t.TomcatEmbeddedServletContainer : Tomcat initialized with port(s): 8080 (http)
2015-04-28 19:47:40.764  INFO 2404 --- [com.example.App.main()] o.apache.catalina.core.StandardService   : Starting service Tomcat
2015-04-28 19:47:40.765  INFO 2404 --- [com.example.App.main()] org.apache.catalina.core.StandardEngine  : Starting Servlet Engine: Apache Tomcat/8.0.20
2015-04-28 19:47:40.921  INFO 2404 --- [localhost-startStop-1] o.a.c.c.C.[Tomcat].[localhost].[/]       : Initializing Spring embedded WebApplicationContext
2015-04-28 19:47:40.922  INFO 2404 --- [localhost-startStop-1] o.s.web.context.ContextLoader            : Root WebApplicationContext: initialization completed in 2438 ms
2015-04-28 19:47:41.824  INFO 2404 --- [localhost-startStop-1] o.s.b.c.e.ServletRegistrationBean        : Mapping servlet: 'dispatcherServlet' to [/]
2015-04-28 19:47:41.833  INFO 2404 --- [localhost-startStop-1] o.s.b.c.embedded.FilterRegistrationBean  : Mapping filter: 'characterEncodingFilter' to: [/*]
2015-04-28 19:47:41.837  INFO 2404 --- [localhost-startStop-1] o.s.b.c.embedded.FilterRegistrationBean  : Mapping filter: 'hiddenHttpMethodFilter' to: [/*]
2015-04-28 19:47:42.345  INFO 2404 --- [com.example.App.main()] s.w.s.m.m.a.RequestMappingHandlerAdapter : Looking for @ControllerAdvice: org.springframework.boot.context.embedded.AnnotationConfigEmbeddedWebApplicationContext@63ce14e7: startup date [Tue Apr 28 19:47:38 JST 2015]; root of context hierarchy
2015-04-28 19:47:42.439  INFO 2404 --- [com.example.App.main()] s.w.s.m.m.a.RequestMappingHandlerMapping : Mapped "{[/upload],methods=[POST],params=[],headers=[],consumes=[],produces=[],custom=[]}" onto public java.lang.String com.example.FileUploadController.handleFileUpload(java.lang.String,java.lang.String,java.lang.String,org.springframework.web.multipart.MultipartFile)
2015-04-28 19:47:42.440  INFO 2404 --- [com.example.App.main()] s.w.s.m.m.a.RequestMappingHandlerMapping : Mapped "{[/upload],methods=[GET],params=[],headers=[],consumes=[],produces=[],custom=[]}" onto public java.lang.String com.example.FileUploadController.provideUploadInfo()
2015-04-28 19:47:42.444  INFO 2404 --- [com.example.App.main()] s.w.s.m.m.a.RequestMappingHandlerMapping : Mapped "{[/error],methods=[],params=[],headers=[],consumes=[],produces=[text/html],custom=[]}" onto public org.springframework.web.servlet.ModelAndView org.springframework.boot.autoconfigure.web.BasicErrorController.errorHtml(javax.servlet.http.HttpServletRequest)
2015-04-28 19:47:42.445  INFO 2404 --- [com.example.App.main()] s.w.s.m.m.a.RequestMappingHandlerMapping : Mapped "{[/error],methods=[],params=[],headers=[],consumes=[],produces=[],custom=[]}" onto public org.springframework.http.ResponseEntity<java.util.Map<java.lang.String, java.lang.Object>> org.springframework.boot.autoconfigure.web.BasicErrorController.error(javax.servlet.http.HttpServletRequest)
2015-04-28 19:47:42.451  INFO 2404 --- [com.example.App.main()] o.s.w.s.c.a.WebMvcConfigurerAdapter      : Adding welcome page: file:/mnt/nfs/miniPrj/bin/uploader/src/main/resources/static/index.html
2015-04-28 19:47:42.469  INFO 2404 --- [com.example.App.main()] o.s.w.s.handler.SimpleUrlHandlerMapping  : Root mapping to handler of type [class org.springframework.web.servlet.mvc.ParameterizableViewController]
2015-04-28 19:47:42.483  INFO 2404 --- [com.example.App.main()] o.s.w.s.handler.SimpleUrlHandlerMapping  : Mapped URL path [/webjars/**] onto handler of type [class org.springframework.web.servlet.resource.ResourceHttpRequestHandler]
2015-04-28 19:47:42.483  INFO 2404 --- [com.example.App.main()] o.s.w.s.handler.SimpleUrlHandlerMapping  : Mapped URL path [/**] onto handler of type [class org.springframework.web.servlet.resource.ResourceHttpRequestHandler]
2015-04-28 19:47:42.553  INFO 2404 --- [com.example.App.main()] o.s.w.s.handler.SimpleUrlHandlerMapping  : Mapped URL path [/**/favicon.ico] onto handler of type [class org.springframework.web.servlet.resource.ResourceHttpRequestHandler]
2015-04-28 19:47:42.654  INFO 2404 --- [com.example.App.main()] o.s.j.e.a.AnnotationMBeanExporter        : Registering beans for JMX exposure on startup
2015-04-28 19:47:42.740  INFO 2404 --- [com.example.App.main()] s.b.c.e.t.TomcatEmbeddedServletContainer : Tomcat started on port(s): 8080 (http)
2015-04-28 19:47:42.745  INFO 2404 --- [com.example.App.main()] com.example.App                          : Started App in 4.861 seconds (JVM running for 9.647)
2015-04-28 19:48:53.094  INFO 2404 --- [http-nio-8080-exec-1] o.a.c.c.C.[Tomcat].[localhost].[/]       : Initializing Spring FrameworkServlet 'dispatcherServlet'
2015-04-28 19:48:53.096  INFO 2404 --- [http-nio-8080-exec-1] o.s.web.servlet.DispatcherServlet        : FrameworkServlet 'dispatcherServlet': initialization started
2015-04-28 19:48:53.124  INFO 2404 --- [http-nio-8080-exec-1] o.s.web.servlet.DispatcherServlet        : FrameworkServlet 'dispatcherServlet': initialization completed in 28 ms
2015-04-28 20:22:17.436  INFO 2404 --- [Thread-1] ationConfigEmbeddedWebApplicationContext : Closing org.springframework.boot.context.embedded.AnnotationConfigEmbeddedWebApplicationContext@63ce14e7: startup date [Tue Apr 28 19:47:38 JST 2015]; root of context hierarchy
2015-04-28 20:22:17.454  INFO 2404 --- [Thread-1] o.s.j.e.a.AnnotationMBeanExporter        : Unregistering JMX-exposed beans on shutdown
